#
# There is insufficient memory for the Java Runtime Environment to continue.
# Native memory allocation (mmap) failed to map 268435456 bytes for G1 virtual space
# Possible reasons:
#   The system is out of physical RAM or swap space
#   The process is running with CompressedOops enabled, and the Java Heap may be blocking the growth of the native heap
# Possible solutions:
#   Reduce memory load on the system
#   Increase physical memory or swap space
#   Check if swap backing store is full
#   Decrease Java heap size (-Xmx/-Xms)
#   Decrease number of Java threads
#   Decrease Java thread stack sizes (-Xss)
#   Set larger code cache with -XX:ReservedCodeCacheSize=
#   JVM is running with Zero Based Compressed Oops mode in which the Java heap is
#     placed in the first 32GB address space. The Java Heap base address is the
#     maximum limit for the native heap growth. Please use -XX:HeapBaseMinAddress
#     to set the Java Heap base and to place the Java Heap above 32GB virtual address.
# This output file may be truncated or incomplete.
#
#  Out of Memory Error (os_windows.cpp:3559), pid=18940, tid=20640
#
# JRE version:  (17.0.7+7) (build )
# Java VM: OpenJDK 64-Bit Server VM (17.0.7+7, mixed mode, sharing, tiered, compressed oops, compressed class ptrs, g1 gc, windows-amd64)
# No core dump will be written. Minidumps are not enabled by default on client versions of Windows
#

---------------  S U M M A R Y ------------

Command Line: -Dfile.encoding=UTF-8 -XX:+ShowCodeDetailsInExceptionMessages employee.management.system.Splash

Host: Intel(R) Core(TM) i5-6200U CPU @ 2.30GHz, 4 cores, 15G,  Windows 10 , 64 bit Build 19041 (10.0.19041.3155)
Time: Wed Aug 23 14:54:14 2023 India Standard Time elapsed time: 0.020835 seconds (0d 0h 0m 0s)

---------------  T H R E A D  ---------------

Current thread (0x00000193dc2fbc80):  JavaThread "Unknown thread" [_thread_in_vm, id=20640, stack(0x0000000700200000,0x0000000700300000)]

Stack: [0x0000000700200000,0x0000000700300000]
Native frames: (J=compiled Java code, j=interpreted, Vv=VM code, C=native code)
V  [jvm.dll+0x67754a]
V  [jvm.dll+0x834304]
V  [jvm.dll+0x835aae]
V  [jvm.dll+0x836113]
V  [jvm.dll+0x24696f]
V  [jvm.dll+0x6743f9]
V  [jvm.dll+0x668c8a]
V  [jvm.dll+0x3061bb]
V  [jvm.dll+0x30d6a6]
V  [jvm.dll+0x35cece]
V  [jvm.dll+0x35d0ff]
V  [jvm.dll+0x2dd048]
V  [jvm.dll+0x2ddfb4]
V  [jvm.dll+0x8066d1]
V  [jvm.dll+0x36ac91]
V  [jvm.dll+0x7e5cec]
V  [jvm.dll+0x3ed56f]
V  [jvm.dll+0x3ef0a1]
C  [jli.dll+0x528b]
C  [ucrtbase.dll+0x21bb2]
C  [KERNEL32.DLL+0x17614]
C  [ntdll.dll+0x526b1]


---------------  P R O C E S S  ---------------

Threads class SMR info:
_java_thread_list=0x00007ffcd64b7018, length=0, elements={
}

Java Threads: ( => current thread )

Other Threads:
  0x00000193dc369dd0 GCTaskThread "GC Thread#0" [stack: 0x0000000700300000,0x0000000700400000] [id=19156]
  0x00000193dc37b200 ConcurrentGCThread "G1 Main Marker" [stack: 0x0000000700400000,0x0000000700500000] [id=18176]
  0x00000193dc37bb20 ConcurrentGCThread "G1 Conc#0" [stack: 0x0000000700500000,0x0000000700600000] [id=13692]

[error occurred during error reporting (printing all threads), id 0xc0000005, EXCEPTION_ACCESS_VIOLATION (0xc0000005) at pc=0x00007ffcd5c8daf7]

VM state: not at safepoint (not fully initialized)

VM Mutex/Monitor currently owned by a thread:  ([mutex/lock_event])
[0x00000193dc2f6590] Heap_lock - owner thread: 0x00000193dc2fbc80

Heap address: 0x00000004d6800000, size: 4068 MB, Compressed Oops mode: Zero based, Oop shift amount: 3

CDS archive(s) mapped at: [0x0000000000000000-0x0000000000000000-0x0000000000000000), size 0, SharedBaseAddress: 0x0000000800000000, ArchiveRelocationMode: 0.
Narrow klass base: 0x0000000000000000, Narrow klass shift: 0, Narrow klass range: 0x0

GC Precious Log:
<Empty>

Heap:
 garbage-first heap   total 0K, used 0K [0x00000004d6800000, 0x00000005d4c00000)
  region size 2048K, 0 young (0K), 0 survivors (0K)

[error occurred during error reporting (printing heap information), id 0xc0000005, EXCEPTION_ACCESS_VIOLATION (0xc0000005) at pc=0x00007ffcd6070db9]

GC Heap History (0 events):
No events

Dll operation events (1 events):
Event: 0.012 Loaded shared library C:\Users\NONDII\AppData\Local\Temp\Rar$EXa14788.38969\sts-4.19.0.RELEASE\plugins\org.eclipse.justj.openjdk.hotspot.jre.full.win32.x86_64_17.0.7.v20230425-1502\jre\bin\java.dll

Deoptimization events (0 events):
No events

Classes unloaded (0 events):
No events

Classes redefined (0 events):
No events

Internal exceptions (0 events):
No events

VM Operations (0 events):
No events

Events (0 events):
No events


Dynamic libraries:
0x00007ff7dbe10000 - 0x00007ff7dbe1e000 	C:\Users\NONDII\AppData\Local\Temp\Rar$EXa14788.38969\sts-4.19.0.RELEASE\plugins\org.eclipse.justj.openjdk.hotspot.jre.full.win32.x86_64_17.0.7.v20230425-1502\jre\bin\javaw.exe
0x00007ffd25130000 - 0x00007ffd25328000 	C:\WINDOWS\SYSTEM32\ntdll.dll
0x00007ffd249f0000 - 0x00007ffd24aaf000 	C:\WINDOWS\System32\KERNEL32.DLL
0x00007ffd22ae0000 - 0x00007ffd22dd6000 	C:\WINDOWS\System32\KERNELBASE.dll
0x00007ffd22960000 - 0x00007ffd22a60000 	C:\WINDOWS\System32\ucrtbase.dll
0x00007ffd1c010000 - 0x00007ffd1c027000 	C:\Users\NONDII\AppData\Local\Temp\Rar$EXa14788.38969\sts-4.19.0.RELEASE\plugins\org.eclipse.justj.openjdk.hotspot.jre.full.win32.x86_64_17.0.7.v20230425-1502\jre\bin\jli.dll
0x00007ffd24740000 - 0x00007ffd248dd000 	C:\WINDOWS\System32\USER32.dll
0x00007ffd22810000 - 0x00007ffd22832000 	C:\WINDOWS\System32\win32u.dll
0x00007ffd23190000 - 0x00007ffd231bc000 	C:\WINDOWS\System32\GDI32.dll
0x00007ffd22f40000 - 0x00007ffd23055000 	C:\WINDOWS\System32\gdi32full.dll
0x00007ffd1bff0000 - 0x00007ffd1c009000 	C:\Users\NONDII\AppData\Local\Temp\Rar$EXa14788.38969\sts-4.19.0.RELEASE\plugins\org.eclipse.justj.openjdk.hotspot.jre.full.win32.x86_64_17.0.7.v20230425-1502\jre\bin\VCRUNTIME140.dll
0x00007ffd230f0000 - 0x00007ffd2318d000 	C:\WINDOWS\System32\msvcp_win.dll
0x00007ffd21b20000 - 0x00007ffd21dba000 	C:\WINDOWS\WinSxS\amd64_microsoft.windows.common-controls_6595b64144ccf1df_6.0.19041.1110_none_60b5254171f9507e\COMCTL32.dll
0x00007ffd238c0000 - 0x00007ffd2395e000 	C:\WINDOWS\System32\msvcrt.dll
0x00007ffd248e0000 - 0x00007ffd24910000 	C:\WINDOWS\System32\IMM32.DLL
0x00007ffd1bf30000 - 0x00007ffd1bf3c000 	C:\Users\NONDII\AppData\Local\Temp\Rar$EXa14788.38969\sts-4.19.0.RELEASE\plugins\org.eclipse.justj.openjdk.hotspot.jre.full.win32.x86_64_17.0.7.v20230425-1502\jre\bin\vcruntime140_1.dll
0x00007ffd0d070000 - 0x00007ffd0d101000 	C:\Users\NONDII\AppData\Local\Temp\Rar$EXa14788.38969\sts-4.19.0.RELEASE\plugins\org.eclipse.justj.openjdk.hotspot.jre.full.win32.x86_64_17.0.7.v20230425-1502\jre\bin\msvcp140.dll
0x00007ffcd59a0000 - 0x00007ffcd65e8000 	C:\Users\NONDII\AppData\Local\Temp\Rar$EXa14788.38969\sts-4.19.0.RELEASE\plugins\org.eclipse.justj.openjdk.hotspot.jre.full.win32.x86_64_17.0.7.v20230425-1502\jre\bin\server\jvm.dll
0x00007ffd23710000 - 0x00007ffd237bf000 	C:\WINDOWS\System32\ADVAPI32.dll
0x00007ffd237c0000 - 0x00007ffd2385c000 	C:\WINDOWS\System32\sechost.dll
0x00007ffd23580000 - 0x00007ffd236a6000 	C:\WINDOWS\System32\RPCRT4.dll
0x00007ffd09350000 - 0x00007ffd09359000 	C:\WINDOWS\SYSTEM32\WSOCK32.dll
0x00007ffd246c0000 - 0x00007ffd2472b000 	C:\WINDOWS\System32\WS2_32.dll
0x00007ffd177a0000 - 0x00007ffd177c7000 	C:\WINDOWS\SYSTEM32\WINMM.dll
0x00007ffd1c750000 - 0x00007ffd1c75a000 	C:\WINDOWS\SYSTEM32\VERSION.dll
0x00007ffd20a20000 - 0x00007ffd20a32000 	C:\WINDOWS\SYSTEM32\kernel.appcore.dll
0x00007ffd1c890000 - 0x00007ffd1c89a000 	C:\Users\NONDII\AppData\Local\Temp\Rar$EXa14788.38969\sts-4.19.0.RELEASE\plugins\org.eclipse.justj.openjdk.hotspot.jre.full.win32.x86_64_17.0.7.v20230425-1502\jre\bin\jimage.dll
0x00007ffd21f80000 - 0x00007ffd22164000 	C:\WINDOWS\SYSTEM32\DBGHELP.DLL
0x00007ffd21f20000 - 0x00007ffd21f54000 	C:\WINDOWS\SYSTEM32\dbgcore.DLL
0x00007ffd23060000 - 0x00007ffd230e2000 	C:\WINDOWS\System32\bcryptPrimitives.dll
0x00007ffd0d310000 - 0x00007ffd0d335000 	C:\Users\NONDII\AppData\Local\Temp\Rar$EXa14788.38969\sts-4.19.0.RELEASE\plugins\org.eclipse.justj.openjdk.hotspot.jre.full.win32.x86_64_17.0.7.v20230425-1502\jre\bin\java.dll

dbghelp: loaded successfully - version: 4.0.5 - missing functions: none
symbol engine: initialized successfully - sym options: 0x614 - pdb path: .;C:\Users\NONDII\AppData\Local\Temp\Rar$EXa14788.38969\sts-4.19.0.RELEASE\plugins\org.eclipse.justj.openjdk.hotspot.jre.full.win32.x86_64_17.0.7.v20230425-1502\jre\bin;C:\WINDOWS\SYSTEM32;C:\WINDOWS\WinSxS\amd64_microsoft.windows.common-controls_6595b64144ccf1df_6.0.19041.1110_none_60b5254171f9507e;C:\Users\NONDII\AppData\Local\Temp\Rar$EXa14788.38969\sts-4.19.0.RELEASE\plugins\org.eclipse.justj.openjdk.hotspot.jre.full.win32.x86_64_17.0.7.v20230425-1502\jre\bin\server

VM Arguments:
jvm_args: -Dfile.encoding=UTF-8 -XX:+ShowCodeDetailsInExceptionMessages 
java_command: employee.management.system.Splash
java_class_path (initial): C:\Users\NONDII\Documents\workspace-spring-tool-suite-4-4.19.0.RELEASE\EmployeeManagementSystem\target\classes;C:\Users\NONDII\.m2\repository\com\mysql\mysql-connector-j\8.0.33\mysql-connector-j-8.0.33.jar;C:\Users\NONDII\.m2\repository\com\google\protobuf\protobuf-java\3.21.9\protobuf-java-3.21.9.jar
Launcher Type: SUN_STANDARD

[Global flags]
     intx CICompilerCount                          = 3                                         {product} {ergonomic}
     uint ConcGCThreads                            = 1                                         {product} {ergonomic}
     uint G1ConcRefinementThreads                  = 4                                         {product} {ergonomic}
   size_t G1HeapRegionSize                         = 2097152                                   {product} {ergonomic}
    uintx GCDrainStackTargetSize                   = 64                                        {product} {ergonomic}
   size_t InitialHeapSize                          = 268435456                                 {product} {ergonomic}
   size_t MarkStackSize                            = 4194304                                   {product} {ergonomic}
   size_t MaxHeapSize                              = 4265607168                                {product} {ergonomic}
   size_t MinHeapDeltaBytes                        = 2097152                                   {product} {ergonomic}
   size_t MinHeapSize                              = 8388608                                   {product} {ergonomic}
    uintx NonNMethodCodeHeapSize                   = 5832780                                {pd product} {ergonomic}
    uintx NonProfiledCodeHeapSize                  = 122912730                              {pd product} {ergonomic}
    uintx ProfiledCodeHeapSize                     = 122912730                              {pd product} {ergonomic}
    uintx ReservedCodeCacheSize                    = 251658240                              {pd product} {ergonomic}
     bool SegmentedCodeCache                       = true                                      {product} {ergonomic}
     bool ShowCodeDetailsInExceptionMessages       = true                                   {manageable} {command line}
   size_t SoftMaxHeapSize                          = 4265607168                             {manageable} {ergonomic}
     bool UseCompressedClassPointers               = true                           {product lp64_product} {ergonomic}
     bool UseCompressedOops                        = true                           {product lp64_product} {ergonomic}
     bool UseG1GC                                  = true                                      {product} {ergonomic}
     bool UseLargePagesIndividualAllocation        = false                                  {pd product} {ergonomic}

Logging:
Log output configuration:
 #0: stdout all=warning uptime,level,tags
 #1: stderr all=off uptime,level,tags

Environment Variables:
JAVA_HOME=C:\Program Files\Java\jdk1.8.0_301
PATH=C:/Users/NONDII/AppData/Local/Temp/Rar$EXa14788.38969/sts-4.19.0.RELEASE//plugins/org.eclipse.justj.openjdk.hotspot.jre.full.win32.x86_64_17.0.7.v20230425-1502/jre/bin/server;C:/Users/NONDII/AppData/Local/Temp/Rar$EXa14788.38969/sts-4.19.0.RELEASE//plugins/org.eclipse.justj.openjdk.hotspot.jre.full.win32.x86_64_17.0.7.v20230425-1502/jre/bin;C:\Program Files\WinRAR;C:\Python310\Scripts\;C:\Python310\;C:\Program Files\Common Files\Oracle\Java\javapath;C:\Program Files (x86)\Common Files\Oracle\Java\javapath;C:\WINDOWS\system32;C:\WINDOWS;C:\WINDOWS\System32\Wbem;C:\WINDOWS\System32\WindowsPowerShell\v1.0\;C:\WINDOWS\System32\OpenSSH\;C:\ProgramData\chocolatey\bin;C:\Program Files\Java\jdk1.8.0_301\bin;D:\installed_software\apache-maven-3.8.4\bin;C:\Program Files (x86)\Pulse Secure\VC142.CRT\X64\;C:\Program Files (x86)\Pulse Secure\VC142.CRT\X86\;C:\Program Files (x86)\Common Files\Pulse Secure\TNC Client Plugin\;C:\gradle-7.4.2\bin;C:\Program Files\Git\cmd;C:\Program Files\nodejs\;C:\Program Files\MySQL\MySQL Shell 8.0\bin\;C:\Users\NONDII\AppData\Local\Microsoft\WindowsApps;;D:\installed_software\JetBrains\IntelliJ IDEA Community Edition 2021.3\bin;;D:\installed_software\Microsoft VS Code\bin;C:\Program Files\JetBrains\IntelliJ IDEA 2022.1.1\bin;;C:\Users\NONDII\AppData\Roaming\npm;C:\Users\NONDII\AppData\Local\Temp\Rar$EXa14788.38969\sts-4.19.0.RELEASE;
USERNAME=NONDII
OS=Windows_NT
PROCESSOR_IDENTIFIER=Intel64 Family 6 Model 78 Stepping 3, GenuineIntel
TMP=C:\Users\NONDII\AppData\Local\Temp
TEMP=C:\Users\NONDII\AppData\Local\Temp



---------------  S Y S T E M  ---------------

OS:
 Windows 10 , 64 bit Build 19041 (10.0.19041.3155)
OS uptime: 6 days 5:33 hours

CPU: total 4 (initial active 4) (2 cores per cpu, 2 threads per core) family 6 model 78 stepping 3 microcode 0xec, cx8, cmov, fxsr, ht, mmx, 3dnowpref, sse, sse2, sse3, ssse3, sse4.1, sse4.2, popcnt, lzcnt, tsc, tscinvbit, avx, avx2, aes, erms, clmul, bmi1, bmi2, adx, fma, vzeroupper, clflush, clflushopt

Memory: 4k page, system-wide physical 16265M (6846M free)
TotalPageFile size 30891M (AvailPageFile size 197M)
current process WorkingSet (physical memory assigned to process): 10M, peak: 10M
current process commit charge ("private bytes"): 51M, peak: 307M

vm_info: OpenJDK 64-Bit Server VM (17.0.7+7) for windows-amd64 JRE (17.0.7+7), built on Apr 18 2023 22:10:42 by "temurin" with MS VC++ 16.7 (VS2019)

END.
